#
# A fatal error has been detected by the Java Runtime Environment:
#
#  Internal Error (classFileParser.cpp:3494), pid=21740, tid=3078323056
#  Error: ShouldNotReachHere()
#
# JRE version: 6.0_24-b24
# Java VM: OpenJDK Server VM (20.0-b12 mixed mode linux-x86 )
# Derivative: IcedTea6 1.11.4
# Distribution: Ubuntu 11.10, package 6b24-1.11.4-1ubuntu0.11.10.1
# If you would like to submit a bug report, please include
# instructions how to reproduce the bug and visit:
#   https://bugs.launchpad.net/ubuntu/+source/openjdk-6/
#

---------------  T H R E A D  ---------------

Current thread (0x083e9000):  JavaThread "Unknown thread" [_thread_in_vm, id=21745, stack(0xb7767000,0xb77b8000)]

Stack: [0xb7767000,0xb77b8000]
[error occurred during error reporting (printing stack bounds), id 0xb]


[error occurred during error reporting (printing native stack), id 0xb]


---------------  P R O C E S S  ---------------

Java Threads: ( => current thread )

Other Threads:

=>0x083e9000 (exited) JavaThread "Unknown thread" [_thread_in_vm, id=21745, stack(0xb7767000,0xb77b8000)]

VM state:not at safepoint (not fully initialized)

VM Mutex/Monitor currently owned by a thread: None

Dynamic libraries:
00110000-0028c000 r-xp 00000000 08:01 5636298    /lib/i386-linux-gnu/libc-2.13.so
0028c000-0028e000 r--p 0017c000 08:01 5636298    /lib/i386-linux-gnu/libc-2.13.so
0028e000-0028f000 rw-p 0017e000 08:01 5636298    /lib/i386-linux-gnu/libc-2.13.so
0028f000-00292000 rw-p 00000000 00:00 0 
00292000-0029d000 r-xp 00000000 08:01 4591321    /usr/lib/jvm/java-6-openjdk/jre/lib/i386/libverify.so
0029d000-0029e000 ---p 0000b000 08:01 4591321    /usr/lib/jvm/java-6-openjdk/jre/lib/i386/libverify.so
0029e000-0029f000 r--p 0000b000 08:01 4591321    /usr/lib/jvm/java-6-openjdk/jre/lib/i386/libverify.so
0029f000-002a0000 rw-p 0000c000 08:01 4591321    /usr/lib/jvm/java-6-openjdk/jre/lib/i386/libverify.so
00351000-00368000 r-xp 00000000 08:01 5636485    /lib/i386-linux-gnu/libpthread-2.13.so
00368000-00369000 r--p 00016000 08:01 5636485    /lib/i386-linux-gnu/libpthread-2.13.so
00369000-0036a000 rw-p 00017000 08:01 5636485    /lib/i386-linux-gnu/libpthread-2.13.so
0036a000-0036c000 rw-p 00000000 00:00 0 
004cf000-004e2000 r-xp 00000000 08:01 5636142    /lib/i386-linux-gnu/libz.so.1.2.3.4
004e2000-004e3000 r--p 00012000 08:01 5636142    /lib/i386-linux-gnu/libz.so.1.2.3.4
004e3000-004e4000 rw-p 00013000 08:01 5636142    /lib/i386-linux-gnu/libz.so.1.2.3.4
00519000-0052e000 r-xp 00000000 08:01 5636476    /lib/i386-linux-gnu/libnsl-2.13.so
0052e000-0052f000 r--p 00015000 08:01 5636476    /lib/i386-linux-gnu/libnsl-2.13.so
0052f000-00530000 rw-p 00016000 08:01 5636476    /lib/i386-linux-gnu/libnsl-2.13.so
00530000-00532000 rw-p 00000000 00:00 0 
00622000-0062a000 r-xp 00000000 08:01 5636480    /lib/i386-linux-gnu/libnss_compat-2.13.so
0062a000-0062b000 r--p 00007000 08:01 5636480    /lib/i386-linux-gnu/libnss_compat-2.13.so
0062b000-0062c000 rw-p 00008000 08:01 5636480    /lib/i386-linux-gnu/libnss_compat-2.13.so
00643000-0065f000 r-xp 00000000 08:01 5636296    /lib/i386-linux-gnu/libgcc_s.so.1
0065f000-00660000 r--p 0001b000 08:01 5636296    /lib/i386-linux-gnu/libgcc_s.so.1
00660000-00661000 rw-p 0001c000 08:01 5636296    /lib/i386-linux-gnu/libgcc_s.so.1
00819000-0081a000 r-xp 00000000 00:00 0          [vdso]
00950000-00957000 r-xp 00000000 08:01 4591313    /usr/lib/jvm/java-6-openjdk/jre/lib/i386/libzip.so
00957000-00958000 r--p 00006000 08:01 4591313    /usr/lib/jvm/java-6-openjdk/jre/lib/i386/libzip.so
00958000-00959000 rw-p 00007000 08:01 4591313    /usr/lib/jvm/java-6-openjdk/jre/lib/i386/libzip.so
00aa4000-00acc000 r-xp 00000000 08:01 5636643    /lib/i386-linux-gnu/libm-2.13.so
00acc000-00acd000 r--p 00028000 08:01 5636643    /lib/i386-linux-gnu/libm-2.13.so
00acd000-00ace000 rw-p 00029000 08:01 5636643    /lib/i386-linux-gnu/libm-2.13.so
00aff000-00b02000 r-xp 00000000 08:01 5636641    /lib/i386-linux-gnu/libdl-2.13.so
00b02000-00b03000 r--p 00002000 08:01 5636641    /lib/i386-linux-gnu/libdl-2.13.so
00b03000-00b04000 rw-p 00003000 08:01 5636641    /lib/i386-linux-gnu/libdl-2.13.so
00bca000-00bd5000 r-xp 00000000 08:01 5636646    /lib/i386-linux-gnu/libnss_files-2.13.so
00bd5000-00bd6000 r--p 0000a000 08:01 5636646    /lib/i386-linux-gnu/libnss_files-2.13.so
00bd6000-00bd7000 rw-p 0000b000 08:01 5636646    /lib/i386-linux-gnu/libnss_files-2.13.so
00bdd000-00c03000 r-xp 00000000 08:01 4591336    /usr/lib/jvm/java-6-openjdk/jre/lib/i386/libjava.so
00c03000-00c04000 r--p 00025000 08:01 4591336    /usr/lib/jvm/java-6-openjdk/jre/lib/i386/libjava.so
00c04000-00c06000 rw-p 00026000 08:01 4591336    /usr/lib/jvm/java-6-openjdk/jre/lib/i386/libjava.so
00c71000-00c75000 r-xp 00000000 08:01 4591332    /usr/lib/jvm/java-6-openjdk/jre/lib/i386/jli/libjli.so
00c75000-00c76000 r--p 00003000 08:01 4591332    /usr/lib/jvm/java-6-openjdk/jre/lib/i386/jli/libjli.so
00c76000-00c77000 rw-p 00004000 08:01 4591332    /usr/lib/jvm/java-6-openjdk/jre/lib/i386/jli/libjli.so
00c80000-00c8a000 r-xp 00000000 08:01 5636479    /lib/i386-linux-gnu/libnss_nis-2.13.so
00c8a000-00c8b000 r--p 00009000 08:01 5636479    /lib/i386-linux-gnu/libnss_nis-2.13.so
00c8b000-00c8c000 rw-p 0000a000 08:01 5636479    /lib/i386-linux-gnu/libnss_nis-2.13.so
00cb3000-00cba000 r-xp 00000000 08:01 5636473    /lib/i386-linux-gnu/librt-2.13.so
00cba000-00cbb000 r--p 00006000 08:01 5636473    /lib/i386-linux-gnu/librt-2.13.so
00cbb000-00cbc000 rw-p 00007000 08:01 5636473    /lib/i386-linux-gnu/librt-2.13.so
00cde000-00dbc000 r-xp 00000000 08:01 3539476    /usr/lib/i386-linux-gnu/libstdc++.so.6.0.16
00dbc000-00dbd000 ---p 000de000 08:01 3539476    /usr/lib/i386-linux-gnu/libstdc++.so.6.0.16
00dbd000-00dc1000 r--p 000de000 08:01 3539476    /usr/lib/i386-linux-gnu/libstdc++.so.6.0.16
00dc1000-00dc2000 rw-p 000e2000 08:01 3539476    /usr/lib/i386-linux-gnu/libstdc++.so.6.0.16
00dc2000-00dc9000 rw-p 00000000 00:00 0 
00e5b000-00e79000 r-xp 00000000 08:01 5636644    /lib/i386-linux-gnu/ld-2.13.so
00e79000-00e7a000 r--p 0001d000 08:01 5636644    /lib/i386-linux-gnu/ld-2.13.so
00e7a000-00e7b000 rw-p 0001e000 08:01 5636644    /lib/i386-linux-gnu/ld-2.13.so
00e7b000-01699000 r-xp 00000000 08:01 4591316    /usr/lib/jvm/java-6-openjdk/jre/lib/i386/server/libjvm.so
01699000-016de000 r--p 0081e000 08:01 4591316    /usr/lib/jvm/java-6-openjdk/jre/lib/i386/server/libjvm.so
016de000-016ed000 rw-p 00863000 08:01 4591316    /usr/lib/jvm/java-6-openjdk/jre/lib/i386/server/libjvm.so
016ed000-01b07000 rw-p 00000000 00:00 0 
08048000-08051000 r-xp 00000000 08:01 4591275    /usr/lib/jvm/java-6-openjdk/jre/bin/java
08051000-08052000 r--p 00008000 08:01 4591275    /usr/lib/jvm/java-6-openjdk/jre/bin/java
08052000-08053000 rw-p 00009000 08:01 4591275    /usr/lib/jvm/java-6-openjdk/jre/bin/java
083e2000-0844b000 rw-p 00000000 00:00 0          [heap]
8c211000-8c270000 r--s 00492000 08:01 7865132    /home/jacksyen/workspace/android-sdk-linux_x86/platforms/android-7/android.jar
8c270000-8c271000 ---p 00000000 00:00 0 
8c271000-8c2f1000 rw-p 00000000 00:00 0 
8c2f1000-8c2f2000 ---p 00000000 00:00 0 
8c2f2000-8c372000 rw-p 00000000 00:00 0 
8c372000-8c373000 ---p 00000000 00:00 0 
8c373000-8c3f3000 rw-p 00000000 00:00 0 
8c3f3000-8c3f4000 ---p 00000000 00:00 0 
8c3f4000-8c47c000 rw-p 00000000 00:00 0 
8c47c000-8c4b4000 rw-p 00000000 00:00 0 
8c4b4000-8c4bf000 rw-p 00000000 00:00 0 
8c4bf000-8c55f000 rw-p 00000000 00:00 0 
8c55f000-8c567000 rw-p 00000000 00:00 0 
8c567000-8c59f000 rw-p 00000000 00:00 0 
8c59f000-8c5aa000 rw-p 00000000 00:00 0 
8c5aa000-8c649000 rw-p 00000000 00:00 0 
8c649000-8c64f000 rw-p 00000000 00:00 0 
8c64f000-8c69f000 rw-p 00000000 00:00 0 
8c69f000-8d6a0000 rw-p 00000000 00:00 0 
8d6a0000-946a0000 rw-p 00000000 00:00 0 
946a0000-95ae0000 rw-p 00000000 00:00 0 
95ae0000-a9c00000 rw-p 00000000 00:00 0 
a9c00000-aa620000 rw-p 00000000 00:00 0 
aa620000-b46a0000 rw-p 00000000 00:00 0 
b46a7000-b46b0000 rw-p 00000000 00:00 0 
b46b0000-b4767000 rw-p 00000000 00:00 0 
b4767000-b49a7000 rwxp 00000000 00:00 0 
b49a7000-b7767000 rw-p 00000000 00:00 0 
b7767000-b776a000 ---p 00000000 00:00 0 
b776a000-b77bb000 rw-p 00000000 00:00 0 
b77c4000-b77cc000 rw-s 00000000 08:01 6950968    /tmp/hsperfdata_jacksyen/21740
b77cc000-b77cd000 rw-p 00000000 00:00 0 
b77cd000-b77ce000 r--p 00000000 00:00 0 
b77ce000-b77d0000 rw-p 00000000 00:00 0 
bff0a000-bff2b000 rw-p 00000000 00:00 0          [stack]

VM Arguments:
jvm_args: -Dfile.encoding=UTF-8 -Xbootclasspath:/home/jacksyen/workspace/android-sdk-linux_x86/platforms/android-7/android.jar 
java_command: com.jacksyen.help.GetAllServer
Launcher Type: SUN_STANDARD

Environment Variables:
PATH=/usr/lib/lightdm/lightdm:/usr/local/sbin:/usr/local/bin:/usr/sbin:/usr/bin:/sbin:/bin:/usr/games
USERNAME=jacksyen
LD_LIBRARY_PATH=/usr/lib/jvm/java-6-openjdk/jre/lib/i386/server:/usr/lib/jvm/java-6-openjdk/jre/lib/i386:/usr/lib/jvm/java-6-openjdk/jre/../lib/i386:/usr/lib/jvm/java-6-openjdk/jre/lib/i386/client:/usr/lib/jvm/java-6-openjdk/jre/lib/i386:
SHELL=/bin/bash
DISPLAY=:0

Signal Handlers:
SIGSEGV: [libjvm.so+0x66a730], sa_mask[0]=0x7ffbfeff, sa_flags=0x10000004
SIGBUS: [libjvm.so+0x66a730], sa_mask[0]=0x7ffbfeff, sa_flags=0x10000004
SIGFPE: [libjvm.so+0x52e360], sa_mask[0]=0x7ffbfeff, sa_flags=0x10000004
SIGPIPE: [libjvm.so+0x52e360], sa_mask[0]=0x7ffbfeff, sa_flags=0x10000004
SIGXFSZ: [libjvm.so+0x52e360], sa_mask[0]=0x7ffbfeff, sa_flags=0x10000004
SIGILL: [libjvm.so+0x52e360], sa_mask[0]=0x7ffbfeff, sa_flags=0x10000004
SIGUSR1: SIG_DFL, sa_mask[0]=0x00000000, sa_flags=0x00000000
SIGUSR2: [libjvm.so+0x52e1f0], sa_mask[0]=0x00000004, sa_flags=0x10000004
SIGHUP: SIG_DFL, sa_mask[0]=0x00000000, sa_flags=0x00000000
SIGINT: SIG_DFL, sa_mask[0]=0x00000000, sa_flags=0x00000000
SIGTERM: SIG_DFL, sa_mask[0]=0x00000000, sa_flags=0x00000000
SIGQUIT: SIG_DFL, sa_mask[0]=0x00000000, sa_flags=0x00000000


---------------  S Y S T E M  ---------------

OS:Ubuntu 11.10 (oneiric)
uname:Linux 3.0.0-26-generic #43-Ubuntu SMP Tue Sep 25 17:20:50 UTC 2012 i686
libc:glibc 2.13 NPTL 2.13 
rlimit: STACK 8192k, CORE 0k, NPROC 15424, NOFILE 4096, AS infinity
load average:2.26 2.07 2.00

/proc/meminfo:
MemTotal:        1988384 kB
MemFree:          122764 kB
Buffers:            4780 kB
Cached:           161680 kB
SwapCached:       122116 kB
Active:           990368 kB
Inactive:         556412 kB
Active(anon):     910036 kB
Inactive(anon):   491748 kB
Active(file):      80332 kB
Inactive(file):    64664 kB
Unevictable:          16 kB
Mlocked:              16 kB
HighTotal:       1113176 kB
HighFree:          15224 kB
LowTotal:         875208 kB
LowFree:          107540 kB
SwapTotal:       6142972 kB
SwapFree:        5765656 kB
Dirty:                60 kB
Writeback:             0 kB
AnonPages:       1280616 kB
Mapped:           227504 kB
Shmem:             21464 kB
Slab:              33828 kB
SReclaimable:      15364 kB
SUnreclaim:        18464 kB
KernelStack:        3888 kB
PageTables:        13000 kB
NFS_Unstable:          0 kB
Bounce:                0 kB
WritebackTmp:          0 kB
CommitLimit:     7137164 kB
Committed_AS:    4289472 kB
VmallocTotal:     122880 kB
VmallocUsed:       34636 kB
VmallocChunk:      87836 kB
HardwareCorrupted:     0 kB
AnonHugePages:         0 kB
HugePages_Total:       0
HugePages_Free:        0
HugePages_Rsvd:        0
HugePages_Surp:        0
Hugepagesize:       4096 kB
DirectMap4k:      151544 kB
DirectMap4M:      757760 kB


CPU:total 4 (2 cores per cpu, 2 threads per core) family 6 model 37 stepping 5, cmov, cx8, fxsr, mmx, sse, sse2, sse3, ssse3, sse4.1, sse4.2, popcnt, ht

Memory: 4k page, physical 1988384k(122764k free), swap 6142972k(5765656k free)

vm_info: OpenJDK Server VM (20.0-b12) for linux-x86 JRE (1.6.0_24-b24), built on Sep  1 2012 08:20:12 by "buildd" with gcc 4.6.1

time: Mon Oct 29 22:33:21 2012
elapsed time: 0 seconds

