#
# A fatal error has been detected by the Java Runtime Environment:
#
#  Internal Error (classFileParser.cpp:3494), pid=4355, tid=3078200176
#  Error: ShouldNotReachHere()
#
# JRE version: 6.0_23-b23
# Java VM: OpenJDK Server VM (20.0-b11 mixed mode linux-x86 )
# Derivative: IcedTea6 1.11pre
# Distribution: Ubuntu 11.10, package 6b23~pre11-0ubuntu1.11.10.2
# If you would like to submit a bug report, please include
# instructions how to reproduce the bug and visit:
#   https://bugs.launchpad.net/ubuntu/+source/openjdk-6/
#

---------------  T H R E A D  ---------------

Current thread (0x0999a000):  JavaThread "Unknown thread" [_thread_in_vm, id=4360, stack(0xb7749000,0xb779a000)]

Stack: [0xb7749000,0xb779a000]
[error occurred during error reporting (printing stack bounds), id 0xb]


[error occurred during error reporting (printing native stack), id 0xb]


---------------  P R O C E S S  ---------------

Java Threads: ( => current thread )

Other Threads:

=>0x0999a000 (exited) JavaThread "Unknown thread" [_thread_in_vm, id=4360, stack(0xb7749000,0xb779a000)]

VM state:not at safepoint (not fully initialized)

VM Mutex/Monitor currently owned by a thread: None

Dynamic libraries:
00110000-00138000 r-xp 00000000 08:01 3149938    /lib/i386-linux-gnu/libm-2.13.so
00138000-00139000 r--p 00028000 08:01 3149938    /lib/i386-linux-gnu/libm-2.13.so
00139000-0013a000 rw-p 00029000 08:01 3149938    /lib/i386-linux-gnu/libm-2.13.so
0013a000-00156000 r-xp 00000000 08:01 3139899    /lib/i386-linux-gnu/libgcc_s.so.1
00156000-00157000 r--p 0001b000 08:01 3139899    /lib/i386-linux-gnu/libgcc_s.so.1
00157000-00158000 rw-p 0001c000 08:01 3139899    /lib/i386-linux-gnu/libgcc_s.so.1
00158000-0016d000 r-xp 00000000 08:01 3149940    /lib/i386-linux-gnu/libnsl-2.13.so
0016d000-0016e000 r--p 00015000 08:01 3149940    /lib/i386-linux-gnu/libnsl-2.13.so
0016e000-0016f000 rw-p 00016000 08:01 3149940    /lib/i386-linux-gnu/libnsl-2.13.so
0016f000-00171000 rw-p 00000000 00:00 0 
001f2000-00209000 r-xp 00000000 08:01 3149948    /lib/i386-linux-gnu/libpthread-2.13.so
00209000-0020a000 r--p 00016000 08:01 3149948    /lib/i386-linux-gnu/libpthread-2.13.so
0020a000-0020b000 rw-p 00017000 08:01 3149948    /lib/i386-linux-gnu/libpthread-2.13.so
0020b000-0020d000 rw-p 00000000 00:00 0 
0020d000-002eb000 r-xp 00000000 08:01 916255     /usr/lib/i386-linux-gnu/libstdc++.so.6.0.16
002eb000-002ec000 ---p 000de000 08:01 916255     /usr/lib/i386-linux-gnu/libstdc++.so.6.0.16
002ec000-002f0000 r--p 000de000 08:01 916255     /usr/lib/i386-linux-gnu/libstdc++.so.6.0.16
002f0000-002f1000 rw-p 000e2000 08:01 916255     /usr/lib/i386-linux-gnu/libstdc++.so.6.0.16
002f1000-002f8000 rw-p 00000000 00:00 0 
003f2000-003f6000 r-xp 00000000 08:01 924076     /usr/lib/jvm/java-6-openjdk/jre/lib/i386/jli/libjli.so
003f6000-003f7000 r--p 00003000 08:01 924076     /usr/lib/jvm/java-6-openjdk/jre/lib/i386/jli/libjli.so
003f7000-003f8000 rw-p 00004000 08:01 924076     /usr/lib/jvm/java-6-openjdk/jre/lib/i386/jli/libjli.so
0045a000-00462000 r-xp 00000000 08:01 3149941    /lib/i386-linux-gnu/libnss_compat-2.13.so
00462000-00463000 r--p 00007000 08:01 3149941    /lib/i386-linux-gnu/libnss_compat-2.13.so
00463000-00464000 rw-p 00008000 08:01 3149941    /lib/i386-linux-gnu/libnss_compat-2.13.so
00555000-0055f000 r-xp 00000000 08:01 3149945    /lib/i386-linux-gnu/libnss_nis-2.13.so
0055f000-00560000 r--p 00009000 08:01 3149945    /lib/i386-linux-gnu/libnss_nis-2.13.so
00560000-00561000 rw-p 0000a000 08:01 3149945    /lib/i386-linux-gnu/libnss_nis-2.13.so
006bb000-006c2000 r-xp 00000000 08:01 3149950    /lib/i386-linux-gnu/librt-2.13.so
006c2000-006c3000 r--p 00006000 08:01 3149950    /lib/i386-linux-gnu/librt-2.13.so
006c3000-006c4000 rw-p 00007000 08:01 3149950    /lib/i386-linux-gnu/librt-2.13.so
006db000-006dc000 r-xp 00000000 00:00 0          [vdso]
006fe000-00709000 r-xp 00000000 08:01 3149943    /lib/i386-linux-gnu/libnss_files-2.13.so
00709000-0070a000 r--p 0000a000 08:01 3149943    /lib/i386-linux-gnu/libnss_files-2.13.so
0070a000-0070b000 rw-p 0000b000 08:01 3149943    /lib/i386-linux-gnu/libnss_files-2.13.so
00765000-00783000 r-xp 00000000 08:01 3148657    /lib/i386-linux-gnu/ld-2.13.so
00783000-00784000 r--p 0001d000 08:01 3148657    /lib/i386-linux-gnu/ld-2.13.so
00784000-00785000 rw-p 0001e000 08:01 3148657    /lib/i386-linux-gnu/ld-2.13.so
0084b000-00871000 r-xp 00000000 08:01 924100     /usr/lib/jvm/java-6-openjdk/jre/lib/i386/libjava.so
00871000-00872000 r--p 00025000 08:01 924100     /usr/lib/jvm/java-6-openjdk/jre/lib/i386/libjava.so
00872000-00874000 rw-p 00026000 08:01 924100     /usr/lib/jvm/java-6-openjdk/jre/lib/i386/libjava.so
009f8000-009ff000 r-xp 00000000 08:01 924137     /usr/lib/jvm/java-6-openjdk/jre/lib/i386/libzip.so
009ff000-00a00000 r--p 00006000 08:01 924137     /usr/lib/jvm/java-6-openjdk/jre/lib/i386/libzip.so
00a00000-00a01000 rw-p 00007000 08:01 924137     /usr/lib/jvm/java-6-openjdk/jre/lib/i386/libzip.so
00a09000-00a1c000 r-xp 00000000 08:01 3139605    /lib/i386-linux-gnu/libz.so.1.2.3.4
00a1c000-00a1d000 r--p 00012000 08:01 3139605    /lib/i386-linux-gnu/libz.so.1.2.3.4
00a1d000-00a1e000 rw-p 00013000 08:01 3139605    /lib/i386-linux-gnu/libz.so.1.2.3.4
00aed000-00af8000 r-xp 00000000 08:01 924135     /usr/lib/jvm/java-6-openjdk/jre/lib/i386/libverify.so
00af8000-00af9000 ---p 0000b000 08:01 924135     /usr/lib/jvm/java-6-openjdk/jre/lib/i386/libverify.so
00af9000-00afa000 r--p 0000b000 08:01 924135     /usr/lib/jvm/java-6-openjdk/jre/lib/i386/libverify.so
00afa000-00afb000 rw-p 0000c000 08:01 924135     /usr/lib/jvm/java-6-openjdk/jre/lib/i386/libverify.so
00c17000-00d8f000 r-xp 00000000 08:01 3148671    /lib/i386-linux-gnu/libc-2.13.so
00d8f000-00d91000 r--p 00178000 08:01 3148671    /lib/i386-linux-gnu/libc-2.13.so
00d91000-00d92000 rw-p 0017a000 08:01 3148671    /lib/i386-linux-gnu/libc-2.13.so
00d92000-00d95000 rw-p 00000000 00:00 0 
00e14000-00e17000 r-xp 00000000 08:01 3149937    /lib/i386-linux-gnu/libdl-2.13.so
00e17000-00e18000 r--p 00002000 08:01 3149937    /lib/i386-linux-gnu/libdl-2.13.so
00e18000-00e19000 rw-p 00003000 08:01 3149937    /lib/i386-linux-gnu/libdl-2.13.so
00e19000-01637000 r-xp 00000000 08:01 939042     /usr/lib/jvm/java-6-openjdk/jre/lib/i386/server/libjvm.so
01637000-0167c000 r--p 0081e000 08:01 939042     /usr/lib/jvm/java-6-openjdk/jre/lib/i386/server/libjvm.so
0167c000-0168b000 rw-p 00863000 08:01 939042     /usr/lib/jvm/java-6-openjdk/jre/lib/i386/server/libjvm.so
0168b000-01aa5000 rw-p 00000000 00:00 0 
08048000-08051000 r-xp 00000000 08:01 939063     /usr/lib/jvm/java-6-openjdk/jre/bin/java
08051000-08052000 r--p 00008000 08:01 939063     /usr/lib/jvm/java-6-openjdk/jre/bin/java
08052000-08053000 rw-p 00009000 08:01 939063     /usr/lib/jvm/java-6-openjdk/jre/bin/java
09993000-099b4000 rw-p 00000000 00:00 0          [heap]
8c09b000-8c100000 r--s 004cb000 08:06 5769601    /home/jacksyen/workspace/android-sdk-linux/platforms/android-8/android.jar
8c100000-8c144000 rw-p 00000000 00:00 0 
8c144000-8c200000 ---p 00000000 00:00 0 
8c250000-8c251000 ---p 00000000 00:00 0 
8c251000-8c2d1000 rw-p 00000000 00:00 0 
8c2d1000-8c2d2000 ---p 00000000 00:00 0 
8c2d2000-8c352000 rw-p 00000000 00:00 0 
8c352000-8c353000 ---p 00000000 00:00 0 
8c353000-8c3d3000 rw-p 00000000 00:00 0 
8c3d3000-8c3d4000 ---p 00000000 00:00 0 
8c3d4000-8c45c000 rw-p 00000000 00:00 0 
8c45c000-8c494000 rw-p 00000000 00:00 0 
8c494000-8c49f000 rw-p 00000000 00:00 0 
8c49f000-8c53f000 rw-p 00000000 00:00 0 
8c53f000-8c547000 rw-p 00000000 00:00 0 
8c547000-8c57f000 rw-p 00000000 00:00 0 
8c57f000-8c58a000 rw-p 00000000 00:00 0 
8c58a000-8c629000 rw-p 00000000 00:00 0 
8c629000-8c62f000 rw-p 00000000 00:00 0 
8c62f000-8c67f000 rw-p 00000000 00:00 0 
8c67f000-8d680000 rw-p 00000000 00:00 0 
8d680000-94680000 rw-p 00000000 00:00 0 
94680000-95ac0000 rw-p 00000000 00:00 0 
95ac0000-a9be0000 rw-p 00000000 00:00 0 
a9be0000-aa600000 rw-p 00000000 00:00 0 
aa600000-b4680000 rw-p 00000000 00:00 0 
b4689000-b4692000 rw-p 00000000 00:00 0 
b4692000-b4749000 rw-p 00000000 00:00 0 
b4749000-b4989000 rwxp 00000000 00:00 0 
b4989000-b7749000 rw-p 00000000 00:00 0 
b7749000-b774c000 ---p 00000000 00:00 0 
b774c000-b779d000 rw-p 00000000 00:00 0 
b77a9000-b77b1000 rw-s 00000000 08:01 2354726    /tmp/hsperfdata_jacksyen/4355
b77b1000-b77b2000 rw-p 00000000 00:00 0 
b77b2000-b77b3000 r--p 00000000 00:00 0 
b77b3000-b77b5000 rw-p 00000000 00:00 0 
bff0b000-bff2c000 rw-p 00000000 00:00 0          [stack]

VM Arguments:
jvm_args: -Dfile.encoding=UTF-8 -Xbootclasspath:/home/jacksyen/workspace/android-sdk-linux/platforms/android-8/android.jar 
java_command: com.jacksyen.util.Test
Launcher Type: SUN_STANDARD

Environment Variables:
PATH=/usr/lib/lightdm/lightdm:/usr/local/sbin:/usr/local/bin:/usr/sbin:/usr/bin:/sbin:/bin:/usr/games
USERNAME=jacksyen
LD_LIBRARY_PATH=/usr/lib/jvm/java-6-openjdk/jre/lib/i386/server:/usr/lib/jvm/java-6-openjdk/jre/lib/i386:/usr/lib/jvm/java-6-openjdk/jre/../lib/i386:/usr/lib/jvm/java-6-openjdk/jre/lib/i386/client:/usr/lib/jvm/java-6-openjdk/jre/lib/i386:
SHELL=/bin/bash
DISPLAY=:0

Signal Handlers:
SIGSEGV: [libjvm.so+0x66a530], sa_mask[0]=0x7ffbfeff, sa_flags=0x10000004
SIGBUS: [libjvm.so+0x66a530], sa_mask[0]=0x7ffbfeff, sa_flags=0x10000004
SIGFPE: [libjvm.so+0x52e2c0], sa_mask[0]=0x7ffbfeff, sa_flags=0x10000004
SIGPIPE: [libjvm.so+0x52e2c0], sa_mask[0]=0x7ffbfeff, sa_flags=0x10000004
SIGXFSZ: [libjvm.so+0x52e2c0], sa_mask[0]=0x7ffbfeff, sa_flags=0x10000004
SIGILL: [libjvm.so+0x52e2c0], sa_mask[0]=0x7ffbfeff, sa_flags=0x10000004
SIGUSR1: SIG_DFL, sa_mask[0]=0x00000000, sa_flags=0x00000000
SIGUSR2: [libjvm.so+0x52e150], sa_mask[0]=0x00000004, sa_flags=0x10000004
SIGHUP: SIG_DFL, sa_mask[0]=0x00000000, sa_flags=0x00000000
SIGINT: SIG_DFL, sa_mask[0]=0x00000000, sa_flags=0x00000000
SIGTERM: SIG_DFL, sa_mask[0]=0x00000000, sa_flags=0x00000000
SIGQUIT: SIG_DFL, sa_mask[0]=0x00000000, sa_flags=0x00000000


---------------  S Y S T E M  ---------------

OS:Ubuntu 11.10 (oneiric)
uname:Linux 3.0.0-20-generic #34-Ubuntu SMP Tue May 1 17:28:21 UTC 2012 i686
libc:glibc 2.13 NPTL 2.13 
rlimit: STACK 8192k, CORE 0k, NPROC 15424, NOFILE 4096, AS infinity
load average:0.14 0.25 0.24

/proc/meminfo:
MemTotal:        1988400 kB
MemFree:          148556 kB
Buffers:          217736 kB
Cached:           611236 kB
SwapCached:          588 kB
Active:           788820 kB
Inactive:         851880 kB
Active(anon):     537360 kB
Inactive(anon):   278324 kB
Active(file):     251460 kB
Inactive(file):   573556 kB
Unevictable:           0 kB
Mlocked:               0 kB
HighTotal:       1113176 kB
HighFree:          80380 kB
LowTotal:         875224 kB
LowFree:           68176 kB
SwapTotal:       1966076 kB
SwapFree:        1961148 kB
Dirty:               148 kB
Writeback:             0 kB
AnonPages:        811676 kB
Mapped:           148956 kB
Shmem:              3792 kB
Slab:             106564 kB
SReclaimable:      90652 kB
SUnreclaim:        15912 kB
KernelStack:        3440 kB
PageTables:         8764 kB
NFS_Unstable:          0 kB
Bounce:                0 kB
WritebackTmp:          0 kB
CommitLimit:     2960276 kB
Committed_AS:    2780216 kB
VmallocTotal:     122880 kB
VmallocUsed:       28508 kB
VmallocChunk:      86552 kB
HardwareCorrupted:     0 kB
AnonHugePages:         0 kB
HugePages_Total:       0
HugePages_Free:        0
HugePages_Rsvd:        0
HugePages_Surp:        0
Hugepagesize:       4096 kB
DirectMap4k:      118776 kB
DirectMap4M:      790528 kB


CPU:total 4 (2 cores per cpu, 2 threads per core) family 6 model 37 stepping 5, cmov, cx8, fxsr, mmx, sse, sse2, sse3, ssse3, sse4.1, sse4.2, popcnt, ht

Memory: 4k page, physical 1988400k(148556k free), swap 1966076k(1961148k free)

vm_info: OpenJDK Server VM (20.0-b11) for linux-x86 JRE (1.6.0_23-b23), built on Feb 23 2012 06:26:43 by "buildd" with gcc 4.6.1

time: Sat Jun  2 01:07:54 2012
elapsed time: 0 seconds

