#
# A fatal error has been detected by the Java Runtime Environment:
#
#  Internal Error (classFileParser.cpp:3494), pid=21705, tid=3077663600
#  Error: ShouldNotReachHere()
#
# JRE version: 6.0_24-b24
# Java VM: OpenJDK Server VM (20.0-b12 mixed mode linux-x86 )
# Derivative: IcedTea6 1.11.4
# Distribution: Ubuntu 11.10, package 6b24-1.11.4-1ubuntu0.11.10.1
# If you would like to submit a bug report, please include
# instructions how to reproduce the bug and visit:
#   https://bugs.launchpad.net/ubuntu/+source/openjdk-6/
#

---------------  T H R E A D  ---------------

Current thread (0x09385000):  JavaThread "Unknown thread" [_thread_in_vm, id=21710, stack(0xb76c6000,0xb7717000)]

Stack: [0xb76c6000,0xb7717000]
[error occurred during error reporting (printing stack bounds), id 0xb]


[error occurred during error reporting (printing native stack), id 0xb]


---------------  P R O C E S S  ---------------

Java Threads: ( => current thread )

Other Threads:

=>0x09385000 (exited) JavaThread "Unknown thread" [_thread_in_vm, id=21710, stack(0xb76c6000,0xb7717000)]

VM state:not at safepoint (not fully initialized)

VM Mutex/Monitor currently owned by a thread: None

Dynamic libraries:
00119000-00137000 r-xp 00000000 08:01 5636644    /lib/i386-linux-gnu/ld-2.13.so
00137000-00138000 r--p 0001d000 08:01 5636644    /lib/i386-linux-gnu/ld-2.13.so
00138000-00139000 rw-p 0001e000 08:01 5636644    /lib/i386-linux-gnu/ld-2.13.so
00139000-00217000 r-xp 00000000 08:01 3539476    /usr/lib/i386-linux-gnu/libstdc++.so.6.0.16
00217000-00218000 ---p 000de000 08:01 3539476    /usr/lib/i386-linux-gnu/libstdc++.so.6.0.16
00218000-0021c000 r--p 000de000 08:01 3539476    /usr/lib/i386-linux-gnu/libstdc++.so.6.0.16
0021c000-0021d000 rw-p 000e2000 08:01 3539476    /usr/lib/i386-linux-gnu/libstdc++.so.6.0.16
0021d000-00224000 rw-p 00000000 00:00 0 
002a9000-00425000 r-xp 00000000 08:01 5636298    /lib/i386-linux-gnu/libc-2.13.so
00425000-00427000 r--p 0017c000 08:01 5636298    /lib/i386-linux-gnu/libc-2.13.so
00427000-00428000 rw-p 0017e000 08:01 5636298    /lib/i386-linux-gnu/libc-2.13.so
00428000-0042b000 rw-p 00000000 00:00 0 
00552000-00578000 r-xp 00000000 08:01 4591336    /usr/lib/jvm/java-6-openjdk/jre/lib/i386/libjava.so
00578000-00579000 r--p 00025000 08:01 4591336    /usr/lib/jvm/java-6-openjdk/jre/lib/i386/libjava.so
00579000-0057b000 rw-p 00026000 08:01 4591336    /usr/lib/jvm/java-6-openjdk/jre/lib/i386/libjava.so
005cc000-005df000 r-xp 00000000 08:01 5636142    /lib/i386-linux-gnu/libz.so.1.2.3.4
005df000-005e0000 r--p 00012000 08:01 5636142    /lib/i386-linux-gnu/libz.so.1.2.3.4
005e0000-005e1000 rw-p 00013000 08:01 5636142    /lib/i386-linux-gnu/libz.so.1.2.3.4
005fb000-00602000 r-xp 00000000 08:01 5636473    /lib/i386-linux-gnu/librt-2.13.so
00602000-00603000 r--p 00006000 08:01 5636473    /lib/i386-linux-gnu/librt-2.13.so
00603000-00604000 rw-p 00007000 08:01 5636473    /lib/i386-linux-gnu/librt-2.13.so
007d6000-007de000 r-xp 00000000 08:01 5636480    /lib/i386-linux-gnu/libnss_compat-2.13.so
007de000-007df000 r--p 00007000 08:01 5636480    /lib/i386-linux-gnu/libnss_compat-2.13.so
007df000-007e0000 rw-p 00008000 08:01 5636480    /lib/i386-linux-gnu/libnss_compat-2.13.so
009b6000-009bd000 r-xp 00000000 08:01 4591313    /usr/lib/jvm/java-6-openjdk/jre/lib/i386/libzip.so
009bd000-009be000 r--p 00006000 08:01 4591313    /usr/lib/jvm/java-6-openjdk/jre/lib/i386/libzip.so
009be000-009bf000 rw-p 00007000 08:01 4591313    /usr/lib/jvm/java-6-openjdk/jre/lib/i386/libzip.so
00b0f000-00b1a000 r-xp 00000000 08:01 5636646    /lib/i386-linux-gnu/libnss_files-2.13.so
00b1a000-00b1b000 r--p 0000a000 08:01 5636646    /lib/i386-linux-gnu/libnss_files-2.13.so
00b1b000-00b1c000 rw-p 0000b000 08:01 5636646    /lib/i386-linux-gnu/libnss_files-2.13.so
00b54000-00b5e000 r-xp 00000000 08:01 5636479    /lib/i386-linux-gnu/libnss_nis-2.13.so
00b5e000-00b5f000 r--p 00009000 08:01 5636479    /lib/i386-linux-gnu/libnss_nis-2.13.so
00b5f000-00b60000 rw-p 0000a000 08:01 5636479    /lib/i386-linux-gnu/libnss_nis-2.13.so
00bab000-00bd3000 r-xp 00000000 08:01 5636643    /lib/i386-linux-gnu/libm-2.13.so
00bd3000-00bd4000 r--p 00028000 08:01 5636643    /lib/i386-linux-gnu/libm-2.13.so
00bd4000-00bd5000 rw-p 00029000 08:01 5636643    /lib/i386-linux-gnu/libm-2.13.so
00c04000-00c19000 r-xp 00000000 08:01 5636476    /lib/i386-linux-gnu/libnsl-2.13.so
00c19000-00c1a000 r--p 00015000 08:01 5636476    /lib/i386-linux-gnu/libnsl-2.13.so
00c1a000-00c1b000 rw-p 00016000 08:01 5636476    /lib/i386-linux-gnu/libnsl-2.13.so
00c1b000-00c1d000 rw-p 00000000 00:00 0 
00c3c000-00c40000 r-xp 00000000 08:01 4591332    /usr/lib/jvm/java-6-openjdk/jre/lib/i386/jli/libjli.so
00c40000-00c41000 r--p 00003000 08:01 4591332    /usr/lib/jvm/java-6-openjdk/jre/lib/i386/jli/libjli.so
00c41000-00c42000 rw-p 00004000 08:01 4591332    /usr/lib/jvm/java-6-openjdk/jre/lib/i386/jli/libjli.so
00cb3000-00cbe000 r-xp 00000000 08:01 4591321    /usr/lib/jvm/java-6-openjdk/jre/lib/i386/libverify.so
00cbe000-00cbf000 ---p 0000b000 08:01 4591321    /usr/lib/jvm/java-6-openjdk/jre/lib/i386/libverify.so
00cbf000-00cc0000 r--p 0000b000 08:01 4591321    /usr/lib/jvm/java-6-openjdk/jre/lib/i386/libverify.so
00cc0000-00cc1000 rw-p 0000c000 08:01 4591321    /usr/lib/jvm/java-6-openjdk/jre/lib/i386/libverify.so
00d15000-00d31000 r-xp 00000000 08:01 5636296    /lib/i386-linux-gnu/libgcc_s.so.1
00d31000-00d32000 r--p 0001b000 08:01 5636296    /lib/i386-linux-gnu/libgcc_s.so.1
00d32000-00d33000 rw-p 0001c000 08:01 5636296    /lib/i386-linux-gnu/libgcc_s.so.1
00d4b000-00d4e000 r-xp 00000000 08:01 5636641    /lib/i386-linux-gnu/libdl-2.13.so
00d4e000-00d4f000 r--p 00002000 08:01 5636641    /lib/i386-linux-gnu/libdl-2.13.so
00d4f000-00d50000 rw-p 00003000 08:01 5636641    /lib/i386-linux-gnu/libdl-2.13.so
00d8e000-00da5000 r-xp 00000000 08:01 5636485    /lib/i386-linux-gnu/libpthread-2.13.so
00da5000-00da6000 r--p 00016000 08:01 5636485    /lib/i386-linux-gnu/libpthread-2.13.so
00da6000-00da7000 rw-p 00017000 08:01 5636485    /lib/i386-linux-gnu/libpthread-2.13.so
00da7000-00da9000 rw-p 00000000 00:00 0 
00e52000-00e53000 r-xp 00000000 00:00 0          [vdso]
00e53000-01671000 r-xp 00000000 08:01 4591316    /usr/lib/jvm/java-6-openjdk/jre/lib/i386/server/libjvm.so
01671000-016b6000 r--p 0081e000 08:01 4591316    /usr/lib/jvm/java-6-openjdk/jre/lib/i386/server/libjvm.so
016b6000-016c5000 rw-p 00863000 08:01 4591316    /usr/lib/jvm/java-6-openjdk/jre/lib/i386/server/libjvm.so
016c5000-01adf000 rw-p 00000000 00:00 0 
08048000-08051000 r-xp 00000000 08:01 4591275    /usr/lib/jvm/java-6-openjdk/jre/bin/java
08051000-08052000 r--p 00008000 08:01 4591275    /usr/lib/jvm/java-6-openjdk/jre/bin/java
08052000-08053000 rw-p 00009000 08:01 4591275    /usr/lib/jvm/java-6-openjdk/jre/bin/java
0937e000-093e7000 rw-p 00000000 00:00 0          [heap]
8c171000-8c1d0000 r--s 00492000 08:01 7865132    /home/jacksyen/workspace/android-sdk-linux_x86/platforms/android-7/android.jar
8c1d0000-8c1d1000 ---p 00000000 00:00 0 
8c1d1000-8c251000 rw-p 00000000 00:00 0 
8c251000-8c252000 ---p 00000000 00:00 0 
8c252000-8c2d2000 rw-p 00000000 00:00 0 
8c2d2000-8c2d3000 ---p 00000000 00:00 0 
8c2d3000-8c353000 rw-p 00000000 00:00 0 
8c353000-8c354000 ---p 00000000 00:00 0 
8c354000-8c3dc000 rw-p 00000000 00:00 0 
8c3dc000-8c414000 rw-p 00000000 00:00 0 
8c414000-8c41f000 rw-p 00000000 00:00 0 
8c41f000-8c4bf000 rw-p 00000000 00:00 0 
8c4bf000-8c4c7000 rw-p 00000000 00:00 0 
8c4c7000-8c4ff000 rw-p 00000000 00:00 0 
8c4ff000-8c50a000 rw-p 00000000 00:00 0 
8c50a000-8c5a9000 rw-p 00000000 00:00 0 
8c5a9000-8c5af000 rw-p 00000000 00:00 0 
8c5af000-8c5ff000 rw-p 00000000 00:00 0 
8c5ff000-8d600000 rw-p 00000000 00:00 0 
8d600000-94600000 rw-p 00000000 00:00 0 
94600000-95a40000 rw-p 00000000 00:00 0 
95a40000-a9b60000 rw-p 00000000 00:00 0 
a9b60000-aa580000 rw-p 00000000 00:00 0 
aa580000-b4600000 rw-p 00000000 00:00 0 
b4606000-b460f000 rw-p 00000000 00:00 0 
b460f000-b46c6000 rw-p 00000000 00:00 0 
b46c6000-b4906000 rwxp 00000000 00:00 0 
b4906000-b76c6000 rw-p 00000000 00:00 0 
b76c6000-b76c9000 ---p 00000000 00:00 0 
b76c9000-b771a000 rw-p 00000000 00:00 0 
b7723000-b772b000 rw-s 00000000 08:01 6950968    /tmp/hsperfdata_jacksyen/21705
b772b000-b772c000 rw-p 00000000 00:00 0 
b772c000-b772d000 r--p 00000000 00:00 0 
b772d000-b772f000 rw-p 00000000 00:00 0 
bfbcc000-bfbed000 rw-p 00000000 00:00 0          [stack]

VM Arguments:
jvm_args: -Dfile.encoding=UTF-8 -Xbootclasspath:/home/jacksyen/workspace/android-sdk-linux_x86/platforms/android-7/android.jar 
java_command: com.jacksyen.help.GetAllServer
Launcher Type: SUN_STANDARD

Environment Variables:
PATH=/usr/lib/lightdm/lightdm:/usr/local/sbin:/usr/local/bin:/usr/sbin:/usr/bin:/sbin:/bin:/usr/games
USERNAME=jacksyen
LD_LIBRARY_PATH=/usr/lib/jvm/java-6-openjdk/jre/lib/i386/server:/usr/lib/jvm/java-6-openjdk/jre/lib/i386:/usr/lib/jvm/java-6-openjdk/jre/../lib/i386:/usr/lib/jvm/java-6-openjdk/jre/lib/i386/client:/usr/lib/jvm/java-6-openjdk/jre/lib/i386:
SHELL=/bin/bash
DISPLAY=:0

Signal Handlers:
SIGSEGV: [libjvm.so+0x66a730], sa_mask[0]=0x7ffbfeff, sa_flags=0x10000004
SIGBUS: [libjvm.so+0x66a730], sa_mask[0]=0x7ffbfeff, sa_flags=0x10000004
SIGFPE: [libjvm.so+0x52e360], sa_mask[0]=0x7ffbfeff, sa_flags=0x10000004
SIGPIPE: [libjvm.so+0x52e360], sa_mask[0]=0x7ffbfeff, sa_flags=0x10000004
SIGXFSZ: [libjvm.so+0x52e360], sa_mask[0]=0x7ffbfeff, sa_flags=0x10000004
SIGILL: [libjvm.so+0x52e360], sa_mask[0]=0x7ffbfeff, sa_flags=0x10000004
SIGUSR1: SIG_DFL, sa_mask[0]=0x00000000, sa_flags=0x00000000
SIGUSR2: [libjvm.so+0x52e1f0], sa_mask[0]=0x00000004, sa_flags=0x10000004
SIGHUP: SIG_DFL, sa_mask[0]=0x00000000, sa_flags=0x00000000
SIGINT: SIG_DFL, sa_mask[0]=0x00000000, sa_flags=0x00000000
SIGTERM: SIG_DFL, sa_mask[0]=0x00000000, sa_flags=0x00000000
SIGQUIT: SIG_DFL, sa_mask[0]=0x00000000, sa_flags=0x00000000


---------------  S Y S T E M  ---------------

OS:Ubuntu 11.10 (oneiric)
uname:Linux 3.0.0-26-generic #43-Ubuntu SMP Tue Sep 25 17:20:50 UTC 2012 i686
libc:glibc 2.13 NPTL 2.13 
rlimit: STACK 8192k, CORE 0k, NPROC 15424, NOFILE 4096, AS infinity
load average:1.83 2.02 1.98

/proc/meminfo:
MemTotal:        1988384 kB
MemFree:          106504 kB
Buffers:            4952 kB
Cached:           179060 kB
SwapCached:       122716 kB
Active:           985204 kB
Inactive:         577284 kB
Active(anon):     907608 kB
Inactive(anon):   492772 kB
Active(file):      77596 kB
Inactive(file):    84512 kB
Unevictable:          16 kB
Mlocked:              16 kB
HighTotal:       1113176 kB
HighFree:           8652 kB
LowTotal:         875208 kB
LowFree:           97852 kB
SwapTotal:       6142972 kB
SwapFree:        5769616 kB
Dirty:               140 kB
Writeback:           184 kB
AnonPages:       1278224 kB
Mapped:           231676 kB
Shmem:             21464 kB
Slab:              33876 kB
SReclaimable:      15396 kB
SUnreclaim:        18480 kB
KernelStack:        3936 kB
PageTables:        12904 kB
NFS_Unstable:          0 kB
Bounce:                0 kB
WritebackTmp:          0 kB
CommitLimit:     7137164 kB
Committed_AS:    4286532 kB
VmallocTotal:     122880 kB
VmallocUsed:       34636 kB
VmallocChunk:      87836 kB
HardwareCorrupted:     0 kB
AnonHugePages:         0 kB
HugePages_Total:       0
HugePages_Free:        0
HugePages_Rsvd:        0
HugePages_Surp:        0
Hugepagesize:       4096 kB
DirectMap4k:      151544 kB
DirectMap4M:      757760 kB


CPU:total 4 (2 cores per cpu, 2 threads per core) family 6 model 37 stepping 5, cmov, cx8, fxsr, mmx, sse, sse2, sse3, ssse3, sse4.1, sse4.2, popcnt, ht

Memory: 4k page, physical 1988384k(106504k free), swap 6142972k(5769616k free)

vm_info: OpenJDK Server VM (20.0-b12) for linux-x86 JRE (1.6.0_24-b24), built on Sep  1 2012 08:20:12 by "buildd" with gcc 4.6.1

time: Mon Oct 29 22:32:35 2012
elapsed time: 0 seconds

