#
# A fatal error has been detected by the Java Runtime Environment:
#
#  Internal Error (classFileParser.cpp:3494), pid=21717, tid=3077888880
#  Error: ShouldNotReachHere()
#
# JRE version: 6.0_24-b24
# Java VM: OpenJDK Server VM (20.0-b12 mixed mode linux-x86 )
# Derivative: IcedTea6 1.11.4
# Distribution: Ubuntu 11.10, package 6b24-1.11.4-1ubuntu0.11.10.1
# If you would like to submit a bug report, please include
# instructions how to reproduce the bug and visit:
#   https://bugs.launchpad.net/ubuntu/+source/openjdk-6/
#

---------------  T H R E A D  ---------------

Current thread (0x096cb000):  JavaThread "Unknown thread" [_thread_in_vm, id=21722, stack(0xb76fd000,0xb774e000)]

Stack: [0xb76fd000,0xb774e000]
[error occurred during error reporting (printing stack bounds), id 0xb]


[error occurred during error reporting (printing native stack), id 0xb]


---------------  P R O C E S S  ---------------

Java Threads: ( => current thread )

Other Threads:

=>0x096cb000 (exited) JavaThread "Unknown thread" [_thread_in_vm, id=21722, stack(0xb76fd000,0xb774e000)]

VM state:not at safepoint (not fully initialized)

VM Mutex/Monitor currently owned by a thread: None

Dynamic libraries:
00110000-00117000 r-xp 00000000 08:01 5636473    /lib/i386-linux-gnu/librt-2.13.so
00117000-00118000 r--p 00006000 08:01 5636473    /lib/i386-linux-gnu/librt-2.13.so
00118000-00119000 rw-p 00007000 08:01 5636473    /lib/i386-linux-gnu/librt-2.13.so
00121000-0013f000 r-xp 00000000 08:01 5636644    /lib/i386-linux-gnu/ld-2.13.so
0013f000-00140000 r--p 0001d000 08:01 5636644    /lib/i386-linux-gnu/ld-2.13.so
00140000-00141000 rw-p 0001e000 08:01 5636644    /lib/i386-linux-gnu/ld-2.13.so
00141000-00169000 r-xp 00000000 08:01 5636643    /lib/i386-linux-gnu/libm-2.13.so
00169000-0016a000 r--p 00028000 08:01 5636643    /lib/i386-linux-gnu/libm-2.13.so
0016a000-0016b000 rw-p 00029000 08:01 5636643    /lib/i386-linux-gnu/libm-2.13.so
0016b000-00187000 r-xp 00000000 08:01 5636296    /lib/i386-linux-gnu/libgcc_s.so.1
00187000-00188000 r--p 0001b000 08:01 5636296    /lib/i386-linux-gnu/libgcc_s.so.1
00188000-00189000 rw-p 0001c000 08:01 5636296    /lib/i386-linux-gnu/libgcc_s.so.1
00189000-001af000 r-xp 00000000 08:01 4591336    /usr/lib/jvm/java-6-openjdk/jre/lib/i386/libjava.so
001af000-001b0000 r--p 00025000 08:01 4591336    /usr/lib/jvm/java-6-openjdk/jre/lib/i386/libjava.so
001b0000-001b2000 rw-p 00026000 08:01 4591336    /usr/lib/jvm/java-6-openjdk/jre/lib/i386/libjava.so
001b2000-001ba000 r-xp 00000000 08:01 5636480    /lib/i386-linux-gnu/libnss_compat-2.13.so
001ba000-001bb000 r--p 00007000 08:01 5636480    /lib/i386-linux-gnu/libnss_compat-2.13.so
001bb000-001bc000 rw-p 00008000 08:01 5636480    /lib/i386-linux-gnu/libnss_compat-2.13.so
001bc000-001c3000 r-xp 00000000 08:01 4591313    /usr/lib/jvm/java-6-openjdk/jre/lib/i386/libzip.so
001c3000-001c4000 r--p 00006000 08:01 4591313    /usr/lib/jvm/java-6-openjdk/jre/lib/i386/libzip.so
001c4000-001c5000 rw-p 00007000 08:01 4591313    /usr/lib/jvm/java-6-openjdk/jre/lib/i386/libzip.so
001c6000-001d9000 r-xp 00000000 08:01 5636142    /lib/i386-linux-gnu/libz.so.1.2.3.4
001d9000-001da000 r--p 00012000 08:01 5636142    /lib/i386-linux-gnu/libz.so.1.2.3.4
001da000-001db000 rw-p 00013000 08:01 5636142    /lib/i386-linux-gnu/libz.so.1.2.3.4
001db000-001f0000 r-xp 00000000 08:01 5636476    /lib/i386-linux-gnu/libnsl-2.13.so
001f0000-001f1000 r--p 00015000 08:01 5636476    /lib/i386-linux-gnu/libnsl-2.13.so
001f1000-001f2000 rw-p 00016000 08:01 5636476    /lib/i386-linux-gnu/libnsl-2.13.so
001f2000-001f4000 rw-p 00000000 00:00 0 
001f4000-001fe000 r-xp 00000000 08:01 5636479    /lib/i386-linux-gnu/libnss_nis-2.13.so
001fe000-001ff000 r--p 00009000 08:01 5636479    /lib/i386-linux-gnu/libnss_nis-2.13.so
001ff000-00200000 rw-p 0000a000 08:01 5636479    /lib/i386-linux-gnu/libnss_nis-2.13.so
002be000-002c1000 r-xp 00000000 08:01 5636641    /lib/i386-linux-gnu/libdl-2.13.so
002c1000-002c2000 r--p 00002000 08:01 5636641    /lib/i386-linux-gnu/libdl-2.13.so
002c2000-002c3000 rw-p 00003000 08:01 5636641    /lib/i386-linux-gnu/libdl-2.13.so
00361000-00362000 r-xp 00000000 00:00 0          [vdso]
00483000-0049a000 r-xp 00000000 08:01 5636485    /lib/i386-linux-gnu/libpthread-2.13.so
0049a000-0049b000 r--p 00016000 08:01 5636485    /lib/i386-linux-gnu/libpthread-2.13.so
0049b000-0049c000 rw-p 00017000 08:01 5636485    /lib/i386-linux-gnu/libpthread-2.13.so
0049c000-0049e000 rw-p 00000000 00:00 0 
004b2000-004b6000 r-xp 00000000 08:01 4591332    /usr/lib/jvm/java-6-openjdk/jre/lib/i386/jli/libjli.so
004b6000-004b7000 r--p 00003000 08:01 4591332    /usr/lib/jvm/java-6-openjdk/jre/lib/i386/jli/libjli.so
004b7000-004b8000 rw-p 00004000 08:01 4591332    /usr/lib/jvm/java-6-openjdk/jre/lib/i386/jli/libjli.so
004ed000-004f8000 r-xp 00000000 08:01 4591321    /usr/lib/jvm/java-6-openjdk/jre/lib/i386/libverify.so
004f8000-004f9000 ---p 0000b000 08:01 4591321    /usr/lib/jvm/java-6-openjdk/jre/lib/i386/libverify.so
004f9000-004fa000 r--p 0000b000 08:01 4591321    /usr/lib/jvm/java-6-openjdk/jre/lib/i386/libverify.so
004fa000-004fb000 rw-p 0000c000 08:01 4591321    /usr/lib/jvm/java-6-openjdk/jre/lib/i386/libverify.so
008a8000-008b3000 r-xp 00000000 08:01 5636646    /lib/i386-linux-gnu/libnss_files-2.13.so
008b3000-008b4000 r--p 0000a000 08:01 5636646    /lib/i386-linux-gnu/libnss_files-2.13.so
008b4000-008b5000 rw-p 0000b000 08:01 5636646    /lib/i386-linux-gnu/libnss_files-2.13.so
008f4000-009d2000 r-xp 00000000 08:01 3539476    /usr/lib/i386-linux-gnu/libstdc++.so.6.0.16
009d2000-009d3000 ---p 000de000 08:01 3539476    /usr/lib/i386-linux-gnu/libstdc++.so.6.0.16
009d3000-009d7000 r--p 000de000 08:01 3539476    /usr/lib/i386-linux-gnu/libstdc++.so.6.0.16
009d7000-009d8000 rw-p 000e2000 08:01 3539476    /usr/lib/i386-linux-gnu/libstdc++.so.6.0.16
009d8000-009df000 rw-p 00000000 00:00 0 
00a05000-00b81000 r-xp 00000000 08:01 5636298    /lib/i386-linux-gnu/libc-2.13.so
00b81000-00b83000 r--p 0017c000 08:01 5636298    /lib/i386-linux-gnu/libc-2.13.so
00b83000-00b84000 rw-p 0017e000 08:01 5636298    /lib/i386-linux-gnu/libc-2.13.so
00b84000-00b87000 rw-p 00000000 00:00 0 
00b87000-013a5000 r-xp 00000000 08:01 4591316    /usr/lib/jvm/java-6-openjdk/jre/lib/i386/server/libjvm.so
013a5000-013ea000 r--p 0081e000 08:01 4591316    /usr/lib/jvm/java-6-openjdk/jre/lib/i386/server/libjvm.so
013ea000-013f9000 rw-p 00863000 08:01 4591316    /usr/lib/jvm/java-6-openjdk/jre/lib/i386/server/libjvm.so
013f9000-01813000 rw-p 00000000 00:00 0 
08048000-08051000 r-xp 00000000 08:01 4591275    /usr/lib/jvm/java-6-openjdk/jre/bin/java
08051000-08052000 r--p 00008000 08:01 4591275    /usr/lib/jvm/java-6-openjdk/jre/bin/java
08052000-08053000 rw-p 00009000 08:01 4591275    /usr/lib/jvm/java-6-openjdk/jre/bin/java
096c4000-0972d000 rw-p 00000000 00:00 0          [heap]
8c1a1000-8c200000 r--s 00492000 08:01 7865132    /home/jacksyen/workspace/android-sdk-linux_x86/platforms/android-7/android.jar
8c200000-8c201000 ---p 00000000 00:00 0 
8c201000-8c281000 rw-p 00000000 00:00 0 
8c281000-8c282000 ---p 00000000 00:00 0 
8c282000-8c302000 rw-p 00000000 00:00 0 
8c302000-8c303000 ---p 00000000 00:00 0 
8c303000-8c383000 rw-p 00000000 00:00 0 
8c383000-8c384000 ---p 00000000 00:00 0 
8c384000-8c40c000 rw-p 00000000 00:00 0 
8c40c000-8c444000 rw-p 00000000 00:00 0 
8c444000-8c44f000 rw-p 00000000 00:00 0 
8c44f000-8c4ef000 rw-p 00000000 00:00 0 
8c4ef000-8c4f7000 rw-p 00000000 00:00 0 
8c4f7000-8c52f000 rw-p 00000000 00:00 0 
8c52f000-8c53a000 rw-p 00000000 00:00 0 
8c53a000-8c5d9000 rw-p 00000000 00:00 0 
8c5d9000-8c5df000 rw-p 00000000 00:00 0 
8c5df000-8c62f000 rw-p 00000000 00:00 0 
8c62f000-8d630000 rw-p 00000000 00:00 0 
8d630000-94630000 rw-p 00000000 00:00 0 
94630000-95a70000 rw-p 00000000 00:00 0 
95a70000-a9b90000 rw-p 00000000 00:00 0 
a9b90000-aa5b0000 rw-p 00000000 00:00 0 
aa5b0000-b4630000 rw-p 00000000 00:00 0 
b463d000-b4646000 rw-p 00000000 00:00 0 
b4646000-b46fd000 rw-p 00000000 00:00 0 
b46fd000-b493d000 rwxp 00000000 00:00 0 
b493d000-b76fd000 rw-p 00000000 00:00 0 
b76fd000-b7700000 ---p 00000000 00:00 0 
b7700000-b7751000 rw-p 00000000 00:00 0 
b775a000-b7762000 rw-s 00000000 08:01 6950968    /tmp/hsperfdata_jacksyen/21717
b7762000-b7763000 rw-p 00000000 00:00 0 
b7763000-b7764000 r--p 00000000 00:00 0 
b7764000-b7766000 rw-p 00000000 00:00 0 
bfcc2000-bfce3000 rw-p 00000000 00:00 0          [stack]

VM Arguments:
jvm_args: -Dfile.encoding=UTF-8 -Xbootclasspath:/home/jacksyen/workspace/android-sdk-linux_x86/platforms/android-7/android.jar 
java_command: com.jacksyen.help.GetAllServer
Launcher Type: SUN_STANDARD

Environment Variables:
PATH=/usr/lib/lightdm/lightdm:/usr/local/sbin:/usr/local/bin:/usr/sbin:/usr/bin:/sbin:/bin:/usr/games
USERNAME=jacksyen
LD_LIBRARY_PATH=/usr/lib/jvm/java-6-openjdk/jre/lib/i386/server:/usr/lib/jvm/java-6-openjdk/jre/lib/i386:/usr/lib/jvm/java-6-openjdk/jre/../lib/i386:/usr/lib/jvm/java-6-openjdk/jre/lib/i386/client:/usr/lib/jvm/java-6-openjdk/jre/lib/i386:
SHELL=/bin/bash
DISPLAY=:0

Signal Handlers:
SIGSEGV: [libjvm.so+0x66a730], sa_mask[0]=0x7ffbfeff, sa_flags=0x10000004
SIGBUS: [libjvm.so+0x66a730], sa_mask[0]=0x7ffbfeff, sa_flags=0x10000004
SIGFPE: [libjvm.so+0x52e360], sa_mask[0]=0x7ffbfeff, sa_flags=0x10000004
SIGPIPE: [libjvm.so+0x52e360], sa_mask[0]=0x7ffbfeff, sa_flags=0x10000004
SIGXFSZ: [libjvm.so+0x52e360], sa_mask[0]=0x7ffbfeff, sa_flags=0x10000004
SIGILL: [libjvm.so+0x52e360], sa_mask[0]=0x7ffbfeff, sa_flags=0x10000004
SIGUSR1: SIG_DFL, sa_mask[0]=0x00000000, sa_flags=0x00000000
SIGUSR2: [libjvm.so+0x52e1f0], sa_mask[0]=0x00000004, sa_flags=0x10000004
SIGHUP: SIG_DFL, sa_mask[0]=0x00000000, sa_flags=0x00000000
SIGINT: SIG_DFL, sa_mask[0]=0x00000000, sa_flags=0x00000000
SIGTERM: SIG_DFL, sa_mask[0]=0x00000000, sa_flags=0x00000000
SIGQUIT: SIG_DFL, sa_mask[0]=0x00000000, sa_flags=0x00000000


---------------  S Y S T E M  ---------------

OS:Ubuntu 11.10 (oneiric)
uname:Linux 3.0.0-26-generic #43-Ubuntu SMP Tue Sep 25 17:20:50 UTC 2012 i686
libc:glibc 2.13 NPTL 2.13 
rlimit: STACK 8192k, CORE 0k, NPROC 15424, NOFILE 4096, AS infinity
load average:1.79 2.00 1.98

/proc/meminfo:
MemTotal:        1988384 kB
MemFree:          134148 kB
Buffers:            4536 kB
Cached:           155084 kB
SwapCached:       120900 kB
Active:           984060 kB
Inactive:         550420 kB
Active(anon):     906220 kB
Inactive(anon):   490104 kB
Active(file):      77840 kB
Inactive(file):    60316 kB
Unevictable:          16 kB
Mlocked:              16 kB
HighTotal:       1113176 kB
HighFree:          25144 kB
LowTotal:         875208 kB
LowFree:          109004 kB
SwapTotal:       6142972 kB
SwapFree:        5765132 kB
Dirty:                16 kB
Writeback:             0 kB
AnonPages:       1275828 kB
Mapped:           229824 kB
Shmem:             21464 kB
Slab:              33844 kB
SReclaimable:      15364 kB
SUnreclaim:        18480 kB
KernelStack:        3888 kB
PageTables:        12872 kB
NFS_Unstable:          0 kB
Bounce:                0 kB
WritebackTmp:          0 kB
CommitLimit:     7137164 kB
Committed_AS:    4286712 kB
VmallocTotal:     122880 kB
VmallocUsed:       34636 kB
VmallocChunk:      87836 kB
HardwareCorrupted:     0 kB
AnonHugePages:         0 kB
HugePages_Total:       0
HugePages_Free:        0
HugePages_Rsvd:        0
HugePages_Surp:        0
Hugepagesize:       4096 kB
DirectMap4k:      151544 kB
DirectMap4M:      757760 kB


CPU:total 4 (2 cores per cpu, 2 threads per core) family 6 model 37 stepping 5, cmov, cx8, fxsr, mmx, sse, sse2, sse3, ssse3, sse4.1, sse4.2, popcnt, ht

Memory: 4k page, physical 1988384k(134148k free), swap 6142972k(5765132k free)

vm_info: OpenJDK Server VM (20.0-b12) for linux-x86 JRE (1.6.0_24-b24), built on Sep  1 2012 08:20:12 by "buildd" with gcc 4.6.1

time: Mon Oct 29 22:32:55 2012
elapsed time: 0 seconds

