#
# A fatal error has been detected by the Java Runtime Environment:
#
#  Internal Error (classFileParser.cpp:3494), pid=13054, tid=3077679984
#  Error: ShouldNotReachHere()
#
# JRE version: 6.0_23-b23
# Java VM: OpenJDK Server VM (20.0-b11 mixed mode linux-x86 )
# Derivative: IcedTea6 1.11pre
# Distribution: Ubuntu 11.10, package 6b23~pre11-0ubuntu1.11.10.2
# If you would like to submit a bug report, please include
# instructions how to reproduce the bug and visit:
#   https://bugs.launchpad.net/ubuntu/+source/openjdk-6/
#

---------------  T H R E A D  ---------------

Current thread (0x0877c400):  JavaThread "Unknown thread" [_thread_in_vm, id=13059, stack(0xb76ca000,0xb771b000)]

Stack: [0xb76ca000,0xb771b000]
[error occurred during error reporting (printing stack bounds), id 0xb]


[error occurred during error reporting (printing native stack), id 0xb]


---------------  P R O C E S S  ---------------

Java Threads: ( => current thread )

Other Threads:

=>0x0877c400 (exited) JavaThread "Unknown thread" [_thread_in_vm, id=13059, stack(0xb76ca000,0xb771b000)]

VM state:not at safepoint (not fully initialized)

VM Mutex/Monitor currently owned by a thread: None

Dynamic libraries:
00110000-00288000 r-xp 00000000 08:01 3148671    /lib/i386-linux-gnu/libc-2.13.so
00288000-0028a000 r--p 00178000 08:01 3148671    /lib/i386-linux-gnu/libc-2.13.so
0028a000-0028b000 rw-p 0017a000 08:01 3148671    /lib/i386-linux-gnu/libc-2.13.so
0028b000-0028e000 rw-p 00000000 00:00 0 
0028e000-00298000 r-xp 00000000 08:01 3149945    /lib/i386-linux-gnu/libnss_nis-2.13.so
00298000-00299000 r--p 00009000 08:01 3149945    /lib/i386-linux-gnu/libnss_nis-2.13.so
00299000-0029a000 rw-p 0000a000 08:01 3149945    /lib/i386-linux-gnu/libnss_nis-2.13.so
0029a000-002a5000 r-xp 00000000 08:01 3149943    /lib/i386-linux-gnu/libnss_files-2.13.so
002a5000-002a6000 r--p 0000a000 08:01 3149943    /lib/i386-linux-gnu/libnss_files-2.13.so
002a6000-002a7000 rw-p 0000b000 08:01 3149943    /lib/i386-linux-gnu/libnss_files-2.13.so
002ff000-00306000 r-xp 00000000 08:01 3149950    /lib/i386-linux-gnu/librt-2.13.so
00306000-00307000 r--p 00006000 08:01 3149950    /lib/i386-linux-gnu/librt-2.13.so
00307000-00308000 rw-p 00007000 08:01 3149950    /lib/i386-linux-gnu/librt-2.13.so
0033d000-00340000 r-xp 00000000 08:01 3149937    /lib/i386-linux-gnu/libdl-2.13.so
00340000-00341000 r--p 00002000 08:01 3149937    /lib/i386-linux-gnu/libdl-2.13.so
00341000-00342000 rw-p 00003000 08:01 3149937    /lib/i386-linux-gnu/libdl-2.13.so
00342000-00420000 r-xp 00000000 08:01 916255     /usr/lib/i386-linux-gnu/libstdc++.so.6.0.16
00420000-00421000 ---p 000de000 08:01 916255     /usr/lib/i386-linux-gnu/libstdc++.so.6.0.16
00421000-00425000 r--p 000de000 08:01 916255     /usr/lib/i386-linux-gnu/libstdc++.so.6.0.16
00425000-00426000 rw-p 000e2000 08:01 916255     /usr/lib/i386-linux-gnu/libstdc++.so.6.0.16
00426000-0042d000 rw-p 00000000 00:00 0 
00599000-005a1000 r-xp 00000000 08:01 3149941    /lib/i386-linux-gnu/libnss_compat-2.13.so
005a1000-005a2000 r--p 00007000 08:01 3149941    /lib/i386-linux-gnu/libnss_compat-2.13.so
005a2000-005a3000 rw-p 00008000 08:01 3149941    /lib/i386-linux-gnu/libnss_compat-2.13.so
005c7000-005da000 r-xp 00000000 08:01 3139605    /lib/i386-linux-gnu/libz.so.1.2.3.4
005da000-005db000 r--p 00012000 08:01 3139605    /lib/i386-linux-gnu/libz.so.1.2.3.4
005db000-005dc000 rw-p 00013000 08:01 3139605    /lib/i386-linux-gnu/libz.so.1.2.3.4
0068b000-00696000 r-xp 00000000 08:01 924135     /usr/lib/jvm/java-6-openjdk/jre/lib/i386/libverify.so
00696000-00697000 ---p 0000b000 08:01 924135     /usr/lib/jvm/java-6-openjdk/jre/lib/i386/libverify.so
00697000-00698000 r--p 0000b000 08:01 924135     /usr/lib/jvm/java-6-openjdk/jre/lib/i386/libverify.so
00698000-00699000 rw-p 0000c000 08:01 924135     /usr/lib/jvm/java-6-openjdk/jre/lib/i386/libverify.so
006cd000-006e9000 r-xp 00000000 08:01 3139899    /lib/i386-linux-gnu/libgcc_s.so.1
006e9000-006ea000 r--p 0001b000 08:01 3139899    /lib/i386-linux-gnu/libgcc_s.so.1
006ea000-006eb000 rw-p 0001c000 08:01 3139899    /lib/i386-linux-gnu/libgcc_s.so.1
0077a000-00781000 r-xp 00000000 08:01 924137     /usr/lib/jvm/java-6-openjdk/jre/lib/i386/libzip.so
00781000-00782000 r--p 00006000 08:01 924137     /usr/lib/jvm/java-6-openjdk/jre/lib/i386/libzip.so
00782000-00783000 rw-p 00007000 08:01 924137     /usr/lib/jvm/java-6-openjdk/jre/lib/i386/libzip.so
00933000-0094a000 r-xp 00000000 08:01 3149948    /lib/i386-linux-gnu/libpthread-2.13.so
0094a000-0094b000 r--p 00016000 08:01 3149948    /lib/i386-linux-gnu/libpthread-2.13.so
0094b000-0094c000 rw-p 00017000 08:01 3149948    /lib/i386-linux-gnu/libpthread-2.13.so
0094c000-0094e000 rw-p 00000000 00:00 0 
009ab000-009d3000 r-xp 00000000 08:01 3149938    /lib/i386-linux-gnu/libm-2.13.so
009d3000-009d4000 r--p 00028000 08:01 3149938    /lib/i386-linux-gnu/libm-2.13.so
009d4000-009d5000 rw-p 00029000 08:01 3149938    /lib/i386-linux-gnu/libm-2.13.so
00a03000-00a29000 r-xp 00000000 08:01 924100     /usr/lib/jvm/java-6-openjdk/jre/lib/i386/libjava.so
00a29000-00a2a000 r--p 00025000 08:01 924100     /usr/lib/jvm/java-6-openjdk/jre/lib/i386/libjava.so
00a2a000-00a2c000 rw-p 00026000 08:01 924100     /usr/lib/jvm/java-6-openjdk/jre/lib/i386/libjava.so
00bc4000-00be2000 r-xp 00000000 08:01 3148657    /lib/i386-linux-gnu/ld-2.13.so
00be2000-00be3000 r--p 0001d000 08:01 3148657    /lib/i386-linux-gnu/ld-2.13.so
00be3000-00be4000 rw-p 0001e000 08:01 3148657    /lib/i386-linux-gnu/ld-2.13.so
00c1d000-00c32000 r-xp 00000000 08:01 3149940    /lib/i386-linux-gnu/libnsl-2.13.so
00c32000-00c33000 r--p 00015000 08:01 3149940    /lib/i386-linux-gnu/libnsl-2.13.so
00c33000-00c34000 rw-p 00016000 08:01 3149940    /lib/i386-linux-gnu/libnsl-2.13.so
00c34000-00c36000 rw-p 00000000 00:00 0 
00c95000-00c99000 r-xp 00000000 08:01 924076     /usr/lib/jvm/java-6-openjdk/jre/lib/i386/jli/libjli.so
00c99000-00c9a000 r--p 00003000 08:01 924076     /usr/lib/jvm/java-6-openjdk/jre/lib/i386/jli/libjli.so
00c9a000-00c9b000 rw-p 00004000 08:01 924076     /usr/lib/jvm/java-6-openjdk/jre/lib/i386/jli/libjli.so
00df2000-00df3000 r-xp 00000000 00:00 0          [vdso]
00df3000-01611000 r-xp 00000000 08:01 939042     /usr/lib/jvm/java-6-openjdk/jre/lib/i386/server/libjvm.so
01611000-01656000 r--p 0081e000 08:01 939042     /usr/lib/jvm/java-6-openjdk/jre/lib/i386/server/libjvm.so
01656000-01665000 rw-p 00863000 08:01 939042     /usr/lib/jvm/java-6-openjdk/jre/lib/i386/server/libjvm.so
01665000-01a7f000 rw-p 00000000 00:00 0 
08048000-08051000 r-xp 00000000 08:01 939063     /usr/lib/jvm/java-6-openjdk/jre/bin/java
08051000-08052000 r--p 00008000 08:01 939063     /usr/lib/jvm/java-6-openjdk/jre/bin/java
08052000-08053000 rw-p 00009000 08:01 939063     /usr/lib/jvm/java-6-openjdk/jre/bin/java
08775000-087df000 rw-p 00000000 00:00 0          [heap]
8c000000-8c021000 rw-p 00000000 00:00 0 
8c021000-8c100000 ---p 00000000 00:00 0 
8c16b000-8c1d0000 r--s 004cb000 08:06 5769601    /home/jacksyen/workspace/android-sdk-linux/platforms/android-8/android.jar
8c1d0000-8c1d1000 ---p 00000000 00:00 0 
8c1d1000-8c251000 rw-p 00000000 00:00 0 
8c251000-8c252000 ---p 00000000 00:00 0 
8c252000-8c2d2000 rw-p 00000000 00:00 0 
8c2d2000-8c2d3000 ---p 00000000 00:00 0 
8c2d3000-8c353000 rw-p 00000000 00:00 0 
8c353000-8c354000 ---p 00000000 00:00 0 
8c354000-8c3dc000 rw-p 00000000 00:00 0 
8c3dc000-8c414000 rw-p 00000000 00:00 0 
8c414000-8c41f000 rw-p 00000000 00:00 0 
8c41f000-8c4bf000 rw-p 00000000 00:00 0 
8c4bf000-8c4c7000 rw-p 00000000 00:00 0 
8c4c7000-8c4ff000 rw-p 00000000 00:00 0 
8c4ff000-8c50a000 rw-p 00000000 00:00 0 
8c50a000-8c5a9000 rw-p 00000000 00:00 0 
8c5a9000-8c5af000 rw-p 00000000 00:00 0 
8c5af000-8c5ff000 rw-p 00000000 00:00 0 
8c5ff000-8d600000 rw-p 00000000 00:00 0 
8d600000-94600000 rw-p 00000000 00:00 0 
94600000-95a40000 rw-p 00000000 00:00 0 
95a40000-a9b60000 rw-p 00000000 00:00 0 
a9b60000-aa580000 rw-p 00000000 00:00 0 
aa580000-b4600000 rw-p 00000000 00:00 0 
b460a000-b4613000 rw-p 00000000 00:00 0 
b4613000-b46ca000 rw-p 00000000 00:00 0 
b46ca000-b490a000 rwxp 00000000 00:00 0 
b490a000-b76ca000 rw-p 00000000 00:00 0 
b76ca000-b76cd000 ---p 00000000 00:00 0 
b76cd000-b771e000 rw-p 00000000 00:00 0 
b772b000-b7733000 rw-s 00000000 08:01 2758661    /tmp/hsperfdata_jacksyen/13054
b7733000-b7734000 rw-p 00000000 00:00 0 
b7734000-b7735000 r--p 00000000 00:00 0 
b7735000-b7737000 rw-p 00000000 00:00 0 
bfe31000-bfe52000 rw-p 00000000 00:00 0          [stack]

VM Arguments:
jvm_args: -Dfile.encoding=UTF-8 -Xbootclasspath:/home/jacksyen/workspace/android-sdk-linux/platforms/android-8/android.jar 
java_command: com.jacksyen.help.HttpTest4
Launcher Type: SUN_STANDARD

Environment Variables:
PATH=/home/jacksyen/workspace/android-sdk-linux/tools:/usr/lib/lightdm/lightdm:/usr/local/sbin:/usr/local/bin:/usr/sbin:/usr/bin:/sbin:/bin:/usr/games
USERNAME=jacksyen
LD_LIBRARY_PATH=/usr/lib/jvm/java-6-openjdk/jre/lib/i386/server:/usr/lib/jvm/java-6-openjdk/jre/lib/i386:/usr/lib/jvm/java-6-openjdk/jre/../lib/i386:/usr/lib/jvm/java-6-openjdk/jre/lib/i386/client:/usr/lib/jvm/java-6-openjdk/jre/lib/i386:
SHELL=/bin/bash
DISPLAY=:0

Signal Handlers:
SIGSEGV: [libjvm.so+0x66a530], sa_mask[0]=0x7ffbfeff, sa_flags=0x10000004
SIGBUS: [libjvm.so+0x66a530], sa_mask[0]=0x7ffbfeff, sa_flags=0x10000004
SIGFPE: [libjvm.so+0x52e2c0], sa_mask[0]=0x7ffbfeff, sa_flags=0x10000004
SIGPIPE: [libjvm.so+0x52e2c0], sa_mask[0]=0x7ffbfeff, sa_flags=0x10000004
SIGXFSZ: [libjvm.so+0x52e2c0], sa_mask[0]=0x7ffbfeff, sa_flags=0x10000004
SIGILL: [libjvm.so+0x52e2c0], sa_mask[0]=0x7ffbfeff, sa_flags=0x10000004
SIGUSR1: SIG_DFL, sa_mask[0]=0x00000000, sa_flags=0x00000000
SIGUSR2: [libjvm.so+0x52e150], sa_mask[0]=0x00000004, sa_flags=0x10000004
SIGHUP: SIG_DFL, sa_mask[0]=0x00000000, sa_flags=0x00000000
SIGINT: SIG_DFL, sa_mask[0]=0x00000000, sa_flags=0x00000000
SIGTERM: SIG_DFL, sa_mask[0]=0x00000000, sa_flags=0x00000000
SIGQUIT: SIG_DFL, sa_mask[0]=0x00000000, sa_flags=0x00000000


---------------  S Y S T E M  ---------------

OS:Ubuntu 11.10 (oneiric)
uname:Linux 3.0.0-20-generic #34-Ubuntu SMP Tue May 1 17:28:21 UTC 2012 i686
libc:glibc 2.13 NPTL 2.13 
rlimit: STACK 8192k, CORE 0k, NPROC 15424, NOFILE 4096, AS infinity
load average:0.06 0.08 0.08

/proc/meminfo:
MemTotal:        1988400 kB
MemFree:          147408 kB
Buffers:           47248 kB
Cached:           405160 kB
SwapCached:         8048 kB
Active:          1045184 kB
Inactive:         595608 kB
Active(anon):     819948 kB
Inactive(anon):   386704 kB
Active(file):     225236 kB
Inactive(file):   208904 kB
Unevictable:          16 kB
Mlocked:              16 kB
HighTotal:       1113176 kB
HighFree:          28052 kB
LowTotal:         875224 kB
LowFree:          119356 kB
SwapTotal:       1966076 kB
SwapFree:        1919404 kB
Dirty:               308 kB
Writeback:           460 kB
AnonPages:       1181316 kB
Mapped:           147140 kB
Shmem:             18236 kB
Slab:              72304 kB
SReclaimable:      54776 kB
SUnreclaim:        17528 kB
KernelStack:        4024 kB
PageTables:        11568 kB
NFS_Unstable:          0 kB
Bounce:                0 kB
WritebackTmp:          0 kB
CommitLimit:     2960276 kB
Committed_AS:    3912424 kB
VmallocTotal:     122880 kB
VmallocUsed:       28624 kB
VmallocChunk:      88268 kB
HardwareCorrupted:     0 kB
AnonHugePages:         0 kB
HugePages_Total:       0
HugePages_Free:        0
HugePages_Rsvd:        0
HugePages_Surp:        0
Hugepagesize:       4096 kB
DirectMap4k:      208888 kB
DirectMap4M:      700416 kB


CPU:total 4 (2 cores per cpu, 2 threads per core) family 6 model 37 stepping 5, cmov, cx8, fxsr, mmx, sse, sse2, sse3, ssse3, sse4.1, sse4.2, popcnt, ht

Memory: 4k page, physical 1988400k(147408k free), swap 1966076k(1919404k free)

vm_info: OpenJDK Server VM (20.0-b11) for linux-x86 JRE (1.6.0_23-b23), built on Feb 23 2012 06:26:43 by "buildd" with gcc 4.6.1

time: Wed Jun  6 19:12:10 2012
elapsed time: 0 seconds

