#
# A fatal error has been detected by the Java Runtime Environment:
#
#  Internal Error (classFileParser.cpp:3494), pid=4372, tid=3078278000
#  Error: ShouldNotReachHere()
#
# JRE version: 6.0_23-b23
# Java VM: OpenJDK Server VM (20.0-b11 mixed mode linux-x86 )
# Derivative: IcedTea6 1.11pre
# Distribution: Ubuntu 11.10, package 6b23~pre11-0ubuntu1.11.10.2
# If you would like to submit a bug report, please include
# instructions how to reproduce the bug and visit:
#   https://bugs.launchpad.net/ubuntu/+source/openjdk-6/
#

---------------  T H R E A D  ---------------

Current thread (0x0910e000):  JavaThread "Unknown thread" [_thread_in_vm, id=4377, stack(0xb775c000,0xb77ad000)]

Stack: [0xb775c000,0xb77ad000]
[error occurred during error reporting (printing stack bounds), id 0xb]


[error occurred during error reporting (printing native stack), id 0xb]


---------------  P R O C E S S  ---------------

Java Threads: ( => current thread )

Other Threads:

=>0x0910e000 (exited) JavaThread "Unknown thread" [_thread_in_vm, id=4377, stack(0xb775c000,0xb77ad000)]

VM state:not at safepoint (not fully initialized)

VM Mutex/Monitor currently owned by a thread: None

Dynamic libraries:
00110000-00288000 r-xp 00000000 08:01 3148671    /lib/i386-linux-gnu/libc-2.13.so
00288000-0028a000 r--p 00178000 08:01 3148671    /lib/i386-linux-gnu/libc-2.13.so
0028a000-0028b000 rw-p 0017a000 08:01 3148671    /lib/i386-linux-gnu/libc-2.13.so
0028b000-0028e000 rw-p 00000000 00:00 0 
0028e000-002aa000 r-xp 00000000 08:01 3139899    /lib/i386-linux-gnu/libgcc_s.so.1
002aa000-002ab000 r--p 0001b000 08:01 3139899    /lib/i386-linux-gnu/libgcc_s.so.1
002ab000-002ac000 rw-p 0001c000 08:01 3139899    /lib/i386-linux-gnu/libgcc_s.so.1
002ac000-002b3000 r-xp 00000000 08:01 3149950    /lib/i386-linux-gnu/librt-2.13.so
002b3000-002b4000 r--p 00006000 08:01 3149950    /lib/i386-linux-gnu/librt-2.13.so
002b4000-002b5000 rw-p 00007000 08:01 3149950    /lib/i386-linux-gnu/librt-2.13.so
002b5000-002bf000 r-xp 00000000 08:01 3149945    /lib/i386-linux-gnu/libnss_nis-2.13.so
002bf000-002c0000 r--p 00009000 08:01 3149945    /lib/i386-linux-gnu/libnss_nis-2.13.so
002c0000-002c1000 rw-p 0000a000 08:01 3149945    /lib/i386-linux-gnu/libnss_nis-2.13.so
00396000-0039a000 r-xp 00000000 08:01 924076     /usr/lib/jvm/java-6-openjdk/jre/lib/i386/jli/libjli.so
0039a000-0039b000 r--p 00003000 08:01 924076     /usr/lib/jvm/java-6-openjdk/jre/lib/i386/jli/libjli.so
0039b000-0039c000 rw-p 00004000 08:01 924076     /usr/lib/jvm/java-6-openjdk/jre/lib/i386/jli/libjli.so
0049c000-004a7000 r-xp 00000000 08:01 924135     /usr/lib/jvm/java-6-openjdk/jre/lib/i386/libverify.so
004a7000-004a8000 ---p 0000b000 08:01 924135     /usr/lib/jvm/java-6-openjdk/jre/lib/i386/libverify.so
004a8000-004a9000 r--p 0000b000 08:01 924135     /usr/lib/jvm/java-6-openjdk/jre/lib/i386/libverify.so
004a9000-004aa000 rw-p 0000c000 08:01 924135     /usr/lib/jvm/java-6-openjdk/jre/lib/i386/libverify.so
004e4000-005c2000 r-xp 00000000 08:01 916255     /usr/lib/i386-linux-gnu/libstdc++.so.6.0.16
005c2000-005c3000 ---p 000de000 08:01 916255     /usr/lib/i386-linux-gnu/libstdc++.so.6.0.16
005c3000-005c7000 r--p 000de000 08:01 916255     /usr/lib/i386-linux-gnu/libstdc++.so.6.0.16
005c7000-005c8000 rw-p 000e2000 08:01 916255     /usr/lib/i386-linux-gnu/libstdc++.so.6.0.16
005c8000-005cf000 rw-p 00000000 00:00 0 
005e4000-005f9000 r-xp 00000000 08:01 3149940    /lib/i386-linux-gnu/libnsl-2.13.so
005f9000-005fa000 r--p 00015000 08:01 3149940    /lib/i386-linux-gnu/libnsl-2.13.so
005fa000-005fb000 rw-p 00016000 08:01 3149940    /lib/i386-linux-gnu/libnsl-2.13.so
005fb000-005fd000 rw-p 00000000 00:00 0 
00735000-0075b000 r-xp 00000000 08:01 924100     /usr/lib/jvm/java-6-openjdk/jre/lib/i386/libjava.so
0075b000-0075c000 r--p 00025000 08:01 924100     /usr/lib/jvm/java-6-openjdk/jre/lib/i386/libjava.so
0075c000-0075e000 rw-p 00026000 08:01 924100     /usr/lib/jvm/java-6-openjdk/jre/lib/i386/libjava.so
0081a000-00838000 r-xp 00000000 08:01 3148657    /lib/i386-linux-gnu/ld-2.13.so
00838000-00839000 r--p 0001d000 08:01 3148657    /lib/i386-linux-gnu/ld-2.13.so
00839000-0083a000 rw-p 0001e000 08:01 3148657    /lib/i386-linux-gnu/ld-2.13.so
00936000-00949000 r-xp 00000000 08:01 3139605    /lib/i386-linux-gnu/libz.so.1.2.3.4
00949000-0094a000 r--p 00012000 08:01 3139605    /lib/i386-linux-gnu/libz.so.1.2.3.4
0094a000-0094b000 rw-p 00013000 08:01 3139605    /lib/i386-linux-gnu/libz.so.1.2.3.4
009d2000-009e9000 r-xp 00000000 08:01 3149948    /lib/i386-linux-gnu/libpthread-2.13.so
009e9000-009ea000 r--p 00016000 08:01 3149948    /lib/i386-linux-gnu/libpthread-2.13.so
009ea000-009eb000 rw-p 00017000 08:01 3149948    /lib/i386-linux-gnu/libpthread-2.13.so
009eb000-009ed000 rw-p 00000000 00:00 0 
00a14000-00a3c000 r-xp 00000000 08:01 3149938    /lib/i386-linux-gnu/libm-2.13.so
00a3c000-00a3d000 r--p 00028000 08:01 3149938    /lib/i386-linux-gnu/libm-2.13.so
00a3d000-00a3e000 rw-p 00029000 08:01 3149938    /lib/i386-linux-gnu/libm-2.13.so
00b19000-00b24000 r-xp 00000000 08:01 3149943    /lib/i386-linux-gnu/libnss_files-2.13.so
00b24000-00b25000 r--p 0000a000 08:01 3149943    /lib/i386-linux-gnu/libnss_files-2.13.so
00b25000-00b26000 rw-p 0000b000 08:01 3149943    /lib/i386-linux-gnu/libnss_files-2.13.so
00c08000-00c10000 r-xp 00000000 08:01 3149941    /lib/i386-linux-gnu/libnss_compat-2.13.so
00c10000-00c11000 r--p 00007000 08:01 3149941    /lib/i386-linux-gnu/libnss_compat-2.13.so
00c11000-00c12000 rw-p 00008000 08:01 3149941    /lib/i386-linux-gnu/libnss_compat-2.13.so
00cb0000-00cb7000 r-xp 00000000 08:01 924137     /usr/lib/jvm/java-6-openjdk/jre/lib/i386/libzip.so
00cb7000-00cb8000 r--p 00006000 08:01 924137     /usr/lib/jvm/java-6-openjdk/jre/lib/i386/libzip.so
00cb8000-00cb9000 rw-p 00007000 08:01 924137     /usr/lib/jvm/java-6-openjdk/jre/lib/i386/libzip.so
00ce5000-00ce8000 r-xp 00000000 08:01 3149937    /lib/i386-linux-gnu/libdl-2.13.so
00ce8000-00ce9000 r--p 00002000 08:01 3149937    /lib/i386-linux-gnu/libdl-2.13.so
00ce9000-00cea000 rw-p 00003000 08:01 3149937    /lib/i386-linux-gnu/libdl-2.13.so
00d69000-00d6a000 r-xp 00000000 00:00 0          [vdso]
00d6a000-01588000 r-xp 00000000 08:01 939042     /usr/lib/jvm/java-6-openjdk/jre/lib/i386/server/libjvm.so
01588000-015cd000 r--p 0081e000 08:01 939042     /usr/lib/jvm/java-6-openjdk/jre/lib/i386/server/libjvm.so
015cd000-015dc000 rw-p 00863000 08:01 939042     /usr/lib/jvm/java-6-openjdk/jre/lib/i386/server/libjvm.so
015dc000-019f6000 rw-p 00000000 00:00 0 
08048000-08051000 r-xp 00000000 08:01 939063     /usr/lib/jvm/java-6-openjdk/jre/bin/java
08051000-08052000 r--p 00008000 08:01 939063     /usr/lib/jvm/java-6-openjdk/jre/bin/java
08052000-08053000 rw-p 00009000 08:01 939063     /usr/lib/jvm/java-6-openjdk/jre/bin/java
09107000-09171000 rw-p 00000000 00:00 0          [heap]
8c09b000-8c100000 r--s 004cb000 08:06 5769601    /home/jacksyen/workspace/android-sdk-linux/platforms/android-8/android.jar
8c100000-8c121000 rw-p 00000000 00:00 0 
8c121000-8c200000 ---p 00000000 00:00 0 
8c260000-8c261000 ---p 00000000 00:00 0 
8c261000-8c2e1000 rw-p 00000000 00:00 0 
8c2e1000-8c2e2000 ---p 00000000 00:00 0 
8c2e2000-8c362000 rw-p 00000000 00:00 0 
8c362000-8c363000 ---p 00000000 00:00 0 
8c363000-8c3e3000 rw-p 00000000 00:00 0 
8c3e3000-8c3e4000 ---p 00000000 00:00 0 
8c3e4000-8c46c000 rw-p 00000000 00:00 0 
8c46c000-8c4a4000 rw-p 00000000 00:00 0 
8c4a4000-8c4af000 rw-p 00000000 00:00 0 
8c4af000-8c54f000 rw-p 00000000 00:00 0 
8c54f000-8c557000 rw-p 00000000 00:00 0 
8c557000-8c58f000 rw-p 00000000 00:00 0 
8c58f000-8c59a000 rw-p 00000000 00:00 0 
8c59a000-8c639000 rw-p 00000000 00:00 0 
8c639000-8c63f000 rw-p 00000000 00:00 0 
8c63f000-8c68f000 rw-p 00000000 00:00 0 
8c68f000-8d690000 rw-p 00000000 00:00 0 
8d690000-94690000 rw-p 00000000 00:00 0 
94690000-95ad0000 rw-p 00000000 00:00 0 
95ad0000-a9bf0000 rw-p 00000000 00:00 0 
a9bf0000-aa610000 rw-p 00000000 00:00 0 
aa610000-b4690000 rw-p 00000000 00:00 0 
b469c000-b46a5000 rw-p 00000000 00:00 0 
b46a5000-b475c000 rw-p 00000000 00:00 0 
b475c000-b499c000 rwxp 00000000 00:00 0 
b499c000-b775c000 rw-p 00000000 00:00 0 
b775c000-b775f000 ---p 00000000 00:00 0 
b775f000-b77b0000 rw-p 00000000 00:00 0 
b77bc000-b77c4000 rw-s 00000000 08:01 2354726    /tmp/hsperfdata_jacksyen/4372
b77c4000-b77c5000 rw-p 00000000 00:00 0 
b77c5000-b77c6000 r--p 00000000 00:00 0 
b77c6000-b77c8000 rw-p 00000000 00:00 0 
bf8fa000-bf91b000 rw-p 00000000 00:00 0          [stack]

VM Arguments:
jvm_args: -Dfile.encoding=UTF-8 -Xbootclasspath:/home/jacksyen/workspace/android-sdk-linux/platforms/android-8/android.jar 
java_command: com.jacksyen.util.Test
Launcher Type: SUN_STANDARD

Environment Variables:
PATH=/usr/lib/lightdm/lightdm:/usr/local/sbin:/usr/local/bin:/usr/sbin:/usr/bin:/sbin:/bin:/usr/games
USERNAME=jacksyen
LD_LIBRARY_PATH=/usr/lib/jvm/java-6-openjdk/jre/lib/i386/server:/usr/lib/jvm/java-6-openjdk/jre/lib/i386:/usr/lib/jvm/java-6-openjdk/jre/../lib/i386:/usr/lib/jvm/java-6-openjdk/jre/lib/i386/client:/usr/lib/jvm/java-6-openjdk/jre/lib/i386:
SHELL=/bin/bash
DISPLAY=:0

Signal Handlers:
SIGSEGV: [libjvm.so+0x66a530], sa_mask[0]=0x7ffbfeff, sa_flags=0x10000004
SIGBUS: [libjvm.so+0x66a530], sa_mask[0]=0x7ffbfeff, sa_flags=0x10000004
SIGFPE: [libjvm.so+0x52e2c0], sa_mask[0]=0x7ffbfeff, sa_flags=0x10000004
SIGPIPE: [libjvm.so+0x52e2c0], sa_mask[0]=0x7ffbfeff, sa_flags=0x10000004
SIGXFSZ: [libjvm.so+0x52e2c0], sa_mask[0]=0x7ffbfeff, sa_flags=0x10000004
SIGILL: [libjvm.so+0x52e2c0], sa_mask[0]=0x7ffbfeff, sa_flags=0x10000004
SIGUSR1: SIG_DFL, sa_mask[0]=0x00000000, sa_flags=0x00000000
SIGUSR2: [libjvm.so+0x52e150], sa_mask[0]=0x00000004, sa_flags=0x10000004
SIGHUP: SIG_DFL, sa_mask[0]=0x00000000, sa_flags=0x00000000
SIGINT: SIG_DFL, sa_mask[0]=0x00000000, sa_flags=0x00000000
SIGTERM: SIG_DFL, sa_mask[0]=0x00000000, sa_flags=0x00000000
SIGQUIT: SIG_DFL, sa_mask[0]=0x00000000, sa_flags=0x00000000


---------------  S Y S T E M  ---------------

OS:Ubuntu 11.10 (oneiric)
uname:Linux 3.0.0-20-generic #34-Ubuntu SMP Tue May 1 17:28:21 UTC 2012 i686
libc:glibc 2.13 NPTL 2.13 
rlimit: STACK 8192k, CORE 0k, NPROC 15424, NOFILE 4096, AS infinity
load average:0.21 0.25 0.24

/proc/meminfo:
MemTotal:        1988400 kB
MemFree:          146000 kB
Buffers:          217768 kB
Cached:           611284 kB
SwapCached:          596 kB
Active:           793064 kB
Inactive:         850080 kB
Active(anon):     539552 kB
Inactive(anon):   278332 kB
Active(file):     253512 kB
Inactive(file):   571748 kB
Unevictable:           0 kB
Mlocked:               0 kB
HighTotal:       1113176 kB
HighFree:          78024 kB
LowTotal:         875224 kB
LowFree:           67976 kB
SwapTotal:       1966076 kB
SwapFree:        1961148 kB
Dirty:                64 kB
Writeback:             0 kB
AnonPages:        813892 kB
Mapped:           148796 kB
Shmem:              3792 kB
Slab:             106592 kB
SReclaimable:      90676 kB
SUnreclaim:        15916 kB
KernelStack:        3392 kB
PageTables:         8772 kB
NFS_Unstable:          0 kB
Bounce:                0 kB
WritebackTmp:          0 kB
CommitLimit:     2960276 kB
Committed_AS:    2781044 kB
VmallocTotal:     122880 kB
VmallocUsed:       28508 kB
VmallocChunk:      86552 kB
HardwareCorrupted:     0 kB
AnonHugePages:         0 kB
HugePages_Total:       0
HugePages_Free:        0
HugePages_Rsvd:        0
HugePages_Surp:        0
Hugepagesize:       4096 kB
DirectMap4k:      118776 kB
DirectMap4M:      790528 kB


CPU:total 4 (2 cores per cpu, 2 threads per core) family 6 model 37 stepping 5, cmov, cx8, fxsr, mmx, sse, sse2, sse3, ssse3, sse4.1, sse4.2, popcnt, ht

Memory: 4k page, physical 1988400k(146000k free), swap 1966076k(1961148k free)

vm_info: OpenJDK Server VM (20.0-b11) for linux-x86 JRE (1.6.0_23-b23), built on Feb 23 2012 06:26:43 by "buildd" with gcc 4.6.1

time: Sat Jun  2 01:08:30 2012
elapsed time: 0 seconds

